This file contains any messages produced by compilers while
running configure, to aid debugging if configure makes a mistake.

It was created by yesplz configure dec_19_2011, which was
generated by GNU Autoconf 2.61.  Invocation command line was

  $ ./configure 

## --------- ##
## Platform. ##
## --------- ##

hostname = cclaptop
uname -m = x86_64
uname -r = 4.7.6-1-ARCH
uname -s = Linux
uname -v = #1 SMP PREEMPT Fri Sep 30 19:28:42 CEST 2016

/usr/bin/uname -p = unknown
/bin/uname -X     = unknown

/bin/arch              = unknown
/usr/bin/arch -k       = unknown
/usr/convex/getsysinfo = unknown
/usr/bin/hostinfo      = unknown
/bin/machine           = unknown
/usr/bin/oslevel       = unknown
/bin/universe          = unknown

PATH: /home/someone/perl5/bin
PATH: /home/someone/perl5/bin
PATH: /usr/local/sbin
PATH: /usr/local/bin
PATH: /usr/bin
PATH: /opt/android-sdk/platform-tools
PATH: /usr/lib/jvm/default/bin
PATH: /usr/bin/site_perl
PATH: /usr/bin/vendor_perl
PATH: /usr/bin/core_perl


## ----------- ##
## Core tests. ##
## ----------- ##

configure:1664: checking for yesplz
configure:1682: found /usr/bin/yesplz
configure:1694: result: /usr/bin/yesplz
configure:1894: checking for gcc
configure:1910: found /usr/bin/gcc
configure:1921: result: gcc
configure:2159: checking for C compiler version
configure:2166: gcc --version >&5
gcc (GCC) 6.2.1 20160830
Copyright (C) 2016 Free Software Foundation, Inc.
This is free software; see the source for copying conditions.  There is NO
warranty; not even for MERCHANTABILITY or FITNESS FOR A PARTICULAR PURPOSE.

configure:2169: $? = 0
configure:2176: gcc -v >&5
Using built-in specs.
COLLECT_GCC=gcc
COLLECT_LTO_WRAPPER=/usr/lib/gcc/x86_64-pc-linux-gnu/6.2.1/lto-wrapper
Target: x86_64-pc-linux-gnu
Configured with: /build/gcc-multilib/src/gcc/configure --prefix=/usr --libdir=/usr/lib --libexecdir=/usr/lib --mandir=/usr/share/man --infodir=/usr/share/info --with-bugurl=https://bugs.archlinux.org/ --enable-languages=c,c++,ada,fortran,go,lto,objc,obj-c++ --enable-shared --enable-threads=posix --enable-libmpx --with-system-zlib --with-isl --enable-__cxa_atexit --disable-libunwind-exceptions --enable-clocale=gnu --disable-libstdcxx-pch --disable-libssp --enable-gnu-unique-object --enable-linker-build-id --enable-lto --enable-plugin --enable-install-libiberty --with-linker-hash-style=gnu --enable-gnu-indirect-function --enable-multilib --disable-werror --enable-checking=release
Thread model: posix
gcc version 6.2.1 20160830 (GCC) 
configure:2179: $? = 0
configure:2186: gcc -V >&5
gcc: error: unrecognized command line option '-V'
gcc: fatal error: no input files
compilation terminated.
configure:2189: $? = 1
configure:2212: checking for C compiler default output file name
configure:2239: gcc    conftest.c  >&5
configure:2242: $? = 0
configure:2280: result: a.out
configure:2297: checking whether the C compiler works
configure:2307: ./a.out
configure:2310: $? = 0
configure:2327: result: yes
configure:2334: checking whether we are cross compiling
configure:2336: result: no
configure:2339: checking for suffix of executables
configure:2346: gcc -o conftest    conftest.c  >&5
configure:2349: $? = 0
configure:2373: result: 
configure:2379: checking for suffix of object files
configure:2405: gcc -c   conftest.c >&5
configure:2408: $? = 0
configure:2431: result: o
configure:2435: checking whether we are using the GNU C compiler
configure:2464: gcc -c   conftest.c >&5
configure:2470: $? = 0
configure:2487: result: yes
configure:2492: checking whether gcc accepts -g
configure:2522: gcc -c -g  conftest.c >&5
configure:2528: $? = 0
configure:2627: result: yes
configure:2644: checking for gcc option to accept ISO C89
configure:2718: gcc  -c -g -O2  conftest.c >&5
configure:2724: $? = 0
configure:2747: result: none needed
configure:2771: checking how to run the C preprocessor
configure:2811: gcc -E  conftest.c
configure:2817: $? = 0
configure:2848: gcc -E  conftest.c
conftest.c:8:28: fatal error: ac_nonexistent.h: No such file or directory
 #include <ac_nonexistent.h>
                            ^
compilation terminated.
configure:2854: $? = 1
configure: failed program was:
| /* confdefs.h.  */
| #define PACKAGE_NAME "yesplz"
| #define PACKAGE_TARNAME "yesplz"
| #define PACKAGE_VERSION "dec_19_2011"
| #define PACKAGE_STRING "yesplz dec_19_2011"
| #define PACKAGE_BUGREPORT ""
| /* end confdefs.h.  */
| #include <ac_nonexistent.h>
configure:2887: result: gcc -E
configure:2916: gcc -E  conftest.c
configure:2922: $? = 0
configure:2953: gcc -E  conftest.c
conftest.c:8:28: fatal error: ac_nonexistent.h: No such file or directory
 #include <ac_nonexistent.h>
                            ^
compilation terminated.
configure:2959: $? = 1
configure: failed program was:
| /* confdefs.h.  */
| #define PACKAGE_NAME "yesplz"
| #define PACKAGE_TARNAME "yesplz"
| #define PACKAGE_VERSION "dec_19_2011"
| #define PACKAGE_STRING "yesplz dec_19_2011"
| #define PACKAGE_BUGREPORT ""
| /* end confdefs.h.  */
| #include <ac_nonexistent.h>
configure:2998: checking for grep that handles long lines and -e
configure:3072: result: /usr/bin/grep
configure:3077: checking for egrep
configure:3155: result: /usr/bin/grep -E
configure:3161: checking whether gcc needs -traditional
configure:3203: result: no
configure:3210: checking for library containing strerror
configure:3251: gcc -o conftest     conftest.c  >&5
configure:3257: $? = 0
configure:3285: result: none required
configure:3315: gcc -o conftest     conftest.c  >&5
conftest.c:8:1: warning: return type defaults to 'int' [-Wimplicit-int]
 main(){exit(0);}
 ^~~~
conftest.c: In function 'main':
conftest.c:8:8: warning: implicit declaration of function 'exit' [-Wimplicit-function-declaration]
 main(){exit(0);}
        ^~~~
conftest.c:8:8: warning: incompatible implicit declaration of built-in function 'exit'
conftest.c:8:8: note: include '<stdlib.h>' or provide a declaration of 'exit'
configure:3318: $? = 0
configure:3324: ./conftest
configure:3327: $? = 0
configure:3370: gcc -o conftest     conftest.c  >&5
conftest.c:8:1: warning: return type defaults to 'int' [-Wimplicit-int]
 main(){exit(0);}
 ^~~~
conftest.c: In function 'main':
conftest.c:8:8: warning: implicit declaration of function 'exit' [-Wimplicit-function-declaration]
 main(){exit(0);}
        ^~~~
conftest.c:8:8: warning: incompatible implicit declaration of built-in function 'exit'
conftest.c:8:8: note: include '<stdlib.h>' or provide a declaration of 'exit'
configure:3373: $? = 0
configure:3379: ./conftest
configure:3382: $? = 0
configure:3433: gcc -o conftest     conftest.c  >&5
conftest.c:9:1: warning: return type defaults to 'int' [-Wimplicit-int]
 main()
 ^~~~
/tmp/ccJAKCKr.o: In function `main':
conftest.c:(.text+0xf): undefined reference to `__something_strange_'
collect2: error: ld returned 1 exit status
configure:3436: $? = 1
configure: program exited with status 1
configure: failed program was:
| /* confdefs.h.  */
| #define PACKAGE_NAME "yesplz"
| #define PACKAGE_TARNAME "yesplz"
| #define PACKAGE_VERSION "dec_19_2011"
| #define PACKAGE_STRING "yesplz dec_19_2011"
| #define PACKAGE_BUGREPORT ""
| /* end confdefs.h.  */
| 
| main()
| {
|   int __something_strange_();
|   __something_strange_(0);
| }
| 
configure:3505: checking for a BSD-compatible install
configure:3561: result: /usr/bin/install -c
configure:3583: checking for lex
configure:3599: found /usr/bin/lex
configure:3611: result: true
configure:3665: gcc -E  conftest.c
configure:3671: $? = 0
configure:3732: checking for library containing XOpenDisplay
configure:3773: gcc -o conftest    -I/usr/include -I/usr/include/X11/   -I/usr/include -I/usr/include/X11/  conftest.c  >&5
/tmp/ccTlCCzw.o: In function `main':
conftest.c:(.text+0xa): undefined reference to `XOpenDisplay'
collect2: error: ld returned 1 exit status
configure:3779: $? = 1
configure: failed program was:
| /* confdefs.h.  */
| #define PACKAGE_NAME "yesplz"
| #define PACKAGE_TARNAME "yesplz"
| #define PACKAGE_VERSION "dec_19_2011"
| #define PACKAGE_STRING "yesplz dec_19_2011"
| #define PACKAGE_BUGREPORT ""
| /* end confdefs.h.  */
| 
| /* Override any GCC internal prototype to avoid an error.
|    Use char because int might match the return type of a GCC
|    builtin and then its argument prototype would still apply.  */
| #ifdef __cplusplus
| extern "C"
| #endif
| char XOpenDisplay ();
| int
| main ()
| {
| return XOpenDisplay ();
|   ;
|   return 0;
| }
configure:3773: gcc -o conftest    -I/usr/include -I/usr/include/X11/   -I/usr/include -I/usr/include/X11/  conftest.c -lX11   >&5
configure:3779: $? = 0
configure:3807: result: -lX11
configure:3881: gcc -E   -I/usr/include -I/usr/include/X11/ conftest.c
conftest.c:8:22: fatal error: /jpeglib.h: No such file or directory
 #include </jpeglib.h>
                      ^
compilation terminated.
configure:3887: $? = 1
configure: failed program was:
| /* confdefs.h.  */
| #define PACKAGE_NAME "yesplz"
| #define PACKAGE_TARNAME "yesplz"
| #define PACKAGE_VERSION "dec_19_2011"
| #define PACKAGE_STRING "yesplz dec_19_2011"
| #define PACKAGE_BUGREPORT ""
| /* end confdefs.h.  */
| #include </jpeglib.h>
configure:3948: checking for library containing jpeg_set_defaults
configure:3989: gcc -o conftest    -I/usr/include -I/usr/include/X11/  -I/usr/include -I/usr/include//   -I/usr/include -I/usr/include/X11/  -I/usr/include -I/usr/include//   conftest.c -lX11  -lX11 >&5
/tmp/ccTOB3RE.o: In function `main':
conftest.c:(.text+0xa): undefined reference to `jpeg_set_defaults'
collect2: error: ld returned 1 exit status
configure:3995: $? = 1
configure: failed program was:
| /* confdefs.h.  */
| #define PACKAGE_NAME "yesplz"
| #define PACKAGE_TARNAME "yesplz"
| #define PACKAGE_VERSION "dec_19_2011"
| #define PACKAGE_STRING "yesplz dec_19_2011"
| #define PACKAGE_BUGREPORT ""
| /* end confdefs.h.  */
| 
| /* Override any GCC internal prototype to avoid an error.
|    Use char because int might match the return type of a GCC
|    builtin and then its argument prototype would still apply.  */
| #ifdef __cplusplus
| extern "C"
| #endif
| char jpeg_set_defaults ();
| int
| main ()
| {
| return jpeg_set_defaults ();
|   ;
|   return 0;
| }
configure:3989: gcc -o conftest    -I/usr/include -I/usr/include/X11/  -I/usr/include -I/usr/include//   -I/usr/include -I/usr/include/X11/  -I/usr/include -I/usr/include//   conftest.c -ljpeg  -lX11  -lX11 >&5
configure:3995: $? = 0
configure:4023: result: -ljpeg
configure:4097: gcc -E   -I/usr/include -I/usr/include/X11/  -I/usr/include -I/usr/include// conftest.c
conftest.c:8:22: fatal error: /pthread.h: No such file or directory
 #include </pthread.h>
                      ^
compilation terminated.
configure:4103: $? = 1
configure: failed program was:
| /* confdefs.h.  */
| #define PACKAGE_NAME "yesplz"
| #define PACKAGE_TARNAME "yesplz"
| #define PACKAGE_VERSION "dec_19_2011"
| #define PACKAGE_STRING "yesplz dec_19_2011"
| #define PACKAGE_BUGREPORT ""
| /* end confdefs.h.  */
| #include </pthread.h>
configure:4164: checking for library containing pthread_kill
configure:4205: gcc -o conftest    -I/usr/include -I/usr/include/X11/  -I/usr/include -I/usr/include//  -I/usr/include -I/usr/include//   -I/usr/include -I/usr/include/X11/  -I/usr/include -I/usr/include//  -I/usr/include -I/usr/include//    conftest.c -ljpeg -lX11  -lX11 -ljpeg >&5
/tmp/ccnIsSeM.o: In function `main':
conftest.c:(.text+0xa): undefined reference to `pthread_kill'
collect2: error: ld returned 1 exit status
configure:4211: $? = 1
configure: failed program was:
| /* confdefs.h.  */
| #define PACKAGE_NAME "yesplz"
| #define PACKAGE_TARNAME "yesplz"
| #define PACKAGE_VERSION "dec_19_2011"
| #define PACKAGE_STRING "yesplz dec_19_2011"
| #define PACKAGE_BUGREPORT ""
| /* end confdefs.h.  */
| 
| /* Override any GCC internal prototype to avoid an error.
|    Use char because int might match the return type of a GCC
|    builtin and then its argument prototype would still apply.  */
| #ifdef __cplusplus
| extern "C"
| #endif
| char pthread_kill ();
| int
| main ()
| {
| return pthread_kill ();
|   ;
|   return 0;
| }
configure:4205: gcc -o conftest    -I/usr/include -I/usr/include/X11/  -I/usr/include -I/usr/include//  -I/usr/include -I/usr/include//   -I/usr/include -I/usr/include/X11/  -I/usr/include -I/usr/include//  -I/usr/include -I/usr/include//    conftest.c -lpthread  -ljpeg -lX11  -lX11 -ljpeg >&5
configure:4211: $? = 0
configure:4239: result: -lpthread
configure:4418: creating ./config.status

## ---------------------- ##
## Running config.status. ##
## ---------------------- ##

This file was extended by yesplz config.status dec_19_2011, which was
generated by GNU Autoconf 2.61.  Invocation command line was

  CONFIG_FILES    = 
  CONFIG_HEADERS  = 
  CONFIG_LINKS    = 
  CONFIG_COMMANDS = 
  $ ./config.status 

on cclaptop

config.status:582: creating Makefile

## ---------------- ##
## Cache variables. ##
## ---------------- ##

ac_cv_c_compiler_gnu=yes
ac_cv_env_CC_set=
ac_cv_env_CC_value=
ac_cv_env_CFLAGS_set=
ac_cv_env_CFLAGS_value=
ac_cv_env_CPPFLAGS_set=
ac_cv_env_CPPFLAGS_value=
ac_cv_env_CPP_set=
ac_cv_env_CPP_value=
ac_cv_env_LDFLAGS_set=
ac_cv_env_LDFLAGS_value=
ac_cv_env_LIBS_set=
ac_cv_env_LIBS_value=
ac_cv_env_build_alias_set=
ac_cv_env_build_alias_value=
ac_cv_env_host_alias_set=
ac_cv_env_host_alias_value=
ac_cv_env_target_alias_set=
ac_cv_env_target_alias_value=
ac_cv_objext=o
ac_cv_path_EGREP='/usr/bin/grep -E'
ac_cv_path_GREP=/usr/bin/grep
ac_cv_path_ac_prefix_program=/usr/bin/yesplz
ac_cv_path_install='/usr/bin/install -c'
ac_cv_prog_CPP='gcc -E'
ac_cv_prog_HAVELEX=true
ac_cv_prog_ac_ct_CC=gcc
ac_cv_prog_cc_c89=
ac_cv_prog_cc_g=yes
ac_cv_prog_gcc_traditional=no
ac_cv_search_XOpenDisplay=-lX11
ac_cv_search_jpeg_set_defaults=-ljpeg
ac_cv_search_pthread_kill=-lpthread
ac_cv_search_strerror='none required'

## ----------------- ##
## Output variables. ##
## ----------------- ##

CC='gcc'
CFLAGS='   -I/usr/include -I/usr/include/X11/  -I/usr/include -I/usr/include//  -I/usr/include -I/usr/include// -w'
CPP='gcc -E'
CPPFLAGS='  -I/usr/include -I/usr/include/X11/  -I/usr/include -I/usr/include//  -I/usr/include -I/usr/include//'
DEFS='-DPACKAGE_NAME=\"yesplz\" -DPACKAGE_TARNAME=\"yesplz\" -DPACKAGE_VERSION=\"dec_19_2011\" -DPACKAGE_STRING=\"yesplz\ dec_19_2011\" -DPACKAGE_BUGREPORT=\"\"'
ECHO_C=''
ECHO_N='-n'
ECHO_T=''
EGREP='/usr/bin/grep -E'
EXEEXT=''
GREP='/usr/bin/grep'
HAVELEX='true'
INSTALL_DATA='${INSTALL} -m 644'
INSTALL_PROGRAM='${INSTALL}'
INSTALL_SCRIPT='${INSTALL}'
LDFLAGS='   '
LIBOBJS=''
LIBS='-lpthread -ljpeg -lX11  -lX11 -ljpeg -lpthread'
LTLIBOBJS=''
OBJEXT='o'
PACKAGE_BUGREPORT=''
PACKAGE_NAME='yesplz'
PACKAGE_STRING='yesplz dec_19_2011'
PACKAGE_TARNAME='yesplz'
PACKAGE_VERSION='dec_19_2011'
PATH_SEPARATOR=':'
PREFIX='/usr'
SHELL='/bin/sh'
VERSION='dec_19_2011'
ac_ct_CC='gcc'
ac_prefix_program='/usr/bin/yesplz'
bindir='${exec_prefix}/bin'
build_alias=''
datadir='${datarootdir}'
datarootdir='${prefix}/share'
docdir='${datarootdir}/doc/${PACKAGE_TARNAME}'
dvidir='${docdir}'
exec_prefix='${prefix}'
host_alias=''
htmldir='${docdir}'
includedir='${prefix}/include'
infodir='${datarootdir}/info'
libdir='${exec_prefix}/lib'
libexecdir='${exec_prefix}/libexec'
localedir='${datarootdir}/locale'
localstatedir='${prefix}/var'
mandir='${datarootdir}/man'
oldincludedir='/usr/include'
pdfdir='${docdir}'
prefix='/usr'
program_transform_name='s,x,x,'
psdir='${docdir}'
sbindir='${exec_prefix}/sbin'
sharedstatedir='${prefix}/com'
sysconfdir='${prefix}/etc'
target_alias=''

## ----------- ##
## confdefs.h. ##
## ----------- ##

#define PACKAGE_NAME "yesplz"
#define PACKAGE_TARNAME "yesplz"
#define PACKAGE_VERSION "dec_19_2011"
#define PACKAGE_STRING "yesplz dec_19_2011"
#define PACKAGE_BUGREPORT ""

configure: exit 0
